#
# There is insufficient memory for the Java Runtime Environment to continue.
# Native memory allocation (mmap) failed to map 132120576 bytes for Failed to commit area from 0x0000000083400000 to 0x000000008b200000 of length 132120576.
# Possible reasons:
#   The system is out of physical RAM or swap space
#   The process is running with CompressedOops enabled, and the Java Heap may be blocking the growth of the native heap
# Possible solutions:
#   Reduce memory load on the system
#   Increase physical memory or swap space
#   Check if swap backing store is full
#   Decrease Java heap size (-Xmx/-Xms)
#   Decrease number of Java threads
#   Decrease Java thread stack sizes (-Xss)
#   Set larger code cache with -XX:ReservedCodeCacheSize=
# This output file may be truncated or incomplete.
#
#  Out of Memory Error (t:/workspace/open/src/hotspot/os/windows/os_windows.cpp:3301), pid=9588, tid=16308
#
# JRE version:  (13.0.2+8) (build )
# Java VM: Java HotSpot(TM) 64-Bit Server VM (13.0.2+8, mixed mode, aot, sharing, tiered, compressed oops, g1 gc, windows-amd64)
# No core dump will be written. Minidumps are not enabled by default on client versions of Windows
#

---------------  S U M M A R Y ------------

Command Line: Main

Host: Intel(R) Core(TM) i5-10210U CPU @ 1.60GHz, 8 cores, 7G,  Windows 10 , 64 bit Build 22000 (10.0.22000.675)
Time: Fri May 20 14:06:45 2022 E. Africa Standard Time elapsed time: 0 seconds (0d 0h 0m 0s)

---------------  T H R E A D  ---------------

Current thread (0x0000013b23c9c000):  JavaThread "Unknown thread" [_thread_in_vm, id=16308, stack(0x000000318a800000,0x000000318a900000)]

Stack: [0x000000318a800000,0x000000318a900000]
Native frames: (J=compiled Java code, j=interpreted, Vv=VM code, C=native code)
V  [jvm.dll+0x624f9a]
V  [jvm.dll+0x770cfa]
V  [jvm.dll+0x7724af]
V  [jvm.dll+0x772ab3]
V  [jvm.dll+0x24bf08]
V  [jvm.dll+0x6222aa]
V  [jvm.dll+0x6170b5]
V  [jvm.dll+0x30a88c]
V  [jvm.dll+0x30a6c2]
V  [jvm.dll+0x30fe36]
V  [jvm.dll+0x353f46]
V  [jvm.dll+0x353720]
V  [jvm.dll+0x2e550a]
V  [jvm.dll+0x2e67a2]
V  [jvm.dll+0x74dd78]
V  [jvm.dll+0x361989]
V  [jvm.dll+0x730e65]
V  [jvm.dll+0x3cc53f]
V  [jvm.dll+0x3ce861]
C  [jli.dll+0x51ff]
C  [ucrtbase.dll+0x26c0c]
C  [KERNEL32.DLL+0x154e0]
C  [ntdll.dll+0x485b]


---------------  P R O C E S S  ---------------

Threads class SMR info:
_java_thread_list=0x00007ffa1aabccb8, length=0, elements={
}

Java Threads: ( => current thread )

Other Threads:
  0x0000013b23cdf000 GCTaskThread "GC Thread#0" [stack: 0x000000318a900000,0x000000318aa00000] [id=12948]
  0x0000013b23cf1000 ConcurrentGCThread "G1 Main Marker" [stack: 0x000000318aa00000,0x000000318ab00000] [id=3940]
  0x0000013b23cf2800 ConcurrentGCThread "G1 Conc#0" [stack: 0x000000318ab00000,0x000000318ac00000] [id=11008]

[error occurred during error reporting (printing all threads), id 0xc0000005, EXCEPTION_ACCESS_VIOLATION (0xc0000005) at pc=0x00007ffa1a2f51d7]

VM state:not at safepoint (not fully initialized)

VM Mutex/Monitor currently owned by a thread:  ([mutex/lock_event])
[0x0000013b23c97e10] Heap_lock - owner thread: 0x0000013b23c9c000

Heap address: 0x0000000083400000, size: 1996 MB, Compressed Oops mode: Non-zero based: 0x0000000083400000
Narrow klass base: 0x0000000000000000, Narrow klass shift: 0

GC Heap History (0 events):
No events

Deoptimization events (0 events):
No events

Classes unloaded (0 events):
No events

Classes redefined (0 events):
No events

Internal exceptions (0 events):
No events

Events (8 events):
Event: 0.005 Loaded shared library C:\Program Files\Java\jdk-13.0.2\bin\zip.dll
Event: 0.006 Loaded shared library C:\Program Files\Java\jdk-13.0.2\bin\jimage.dll
Event: 0.006 Loading shared library C:\Program Files\Java\jdk-13.0.2\lib\libjava.base-coop.dll failed, error code 126
Event: 0.006 Loading shared library C:\Program Files\Java\jdk-13.0.2\lib\libjava.logging-coop.dll failed, error code 126
Event: 0.006 Loading shared library C:\Program Files\Java\jdk-13.0.2\lib\libjdk.compiler-coop.dll failed, error code 126
Event: 0.007 Loading shared library C:\Program Files\Java\jdk-13.0.2\lib\libjdk.scripting.nashorn-coop.dll failed, error code 126
Event: 0.007 Loading shared library C:\Program Files\Java\jdk-13.0.2\lib\libjdk.internal.vm.ci-coop.dll failed, error code 126
Event: 0.007 Loading shared library C:\Program Files\Java\jdk-13.0.2\lib\libjdk.internal.vm.compiler-coop.dll failed, error code 126


Dynamic libraries:
0x00007ff687c80000 - 0x00007ff687c8f000 	C:\Program Files\Java\jdk-13.0.2\bin\java.exe
0x00007ffa661c0000 - 0x00007ffa663c9000 	C:\Windows\SYSTEM32\ntdll.dll
0x00007ffa65b00000 - 0x00007ffa65bbd000 	C:\Windows\System32\KERNEL32.DLL
0x00007ffa63b40000 - 0x00007ffa63eb9000 	C:\Windows\System32\KERNELBASE.dll
0x00007ffa63ec0000 - 0x00007ffa63fd1000 	C:\Windows\System32\ucrtbase.dll
0x00007ffa4e320000 - 0x00007ffa4e335000 	C:\Program Files\Java\jdk-13.0.2\bin\VCRUNTIME140.dll
0x00007ffa4e300000 - 0x00007ffa4e318000 	C:\Program Files\Java\jdk-13.0.2\bin\jli.dll
0x00007ffa64c20000 - 0x00007ffa64cce000 	C:\Windows\System32\ADVAPI32.dll
0x00007ffa64a70000 - 0x00007ffa64b13000 	C:\Windows\System32\msvcrt.dll
0x00007ffa64df0000 - 0x00007ffa64e8e000 	C:\Windows\System32\sechost.dll
0x00007ffa64cd0000 - 0x00007ffa64df0000 	C:\Windows\System32\RPCRT4.dll
0x00007ffa651a0000 - 0x00007ffa6534c000 	C:\Windows\System32\USER32.dll
0x00007ffa44a90000 - 0x00007ffa44d35000 	C:\Windows\WinSxS\amd64_microsoft.windows.common-controls_6595b64144ccf1df_6.0.22000.120_none_9d947278b86cc467\COMCTL32.dll
0x00007ffa637d0000 - 0x00007ffa637f6000 	C:\Windows\System32\win32u.dll
0x00007ffa65a60000 - 0x00007ffa65a89000 	C:\Windows\System32\GDI32.dll
0x00007ffa636b0000 - 0x00007ffa637c2000 	C:\Windows\System32\gdi32full.dll
0x00007ffa57460000 - 0x00007ffa5746a000 	C:\Windows\SYSTEM32\VERSION.dll
0x00007ffa63800000 - 0x00007ffa6389d000 	C:\Windows\System32\msvcp_win.dll
0x00007ffa65050000 - 0x00007ffa65081000 	C:\Windows\System32\IMM32.DLL
0x00007ffa21730000 - 0x00007ffa217cb000 	C:\Program Files\Java\jdk-13.0.2\bin\msvcp140.dll
0x00007ffa1a000000 - 0x00007ffa1ab5d000 	C:\Program Files\Java\jdk-13.0.2\bin\server\jvm.dll
0x00007ffa648f0000 - 0x00007ffa648f8000 	C:\Windows\System32\PSAPI.DLL
0x00007ffa4e060000 - 0x00007ffa4e069000 	C:\Windows\SYSTEM32\WSOCK32.dll
0x00007ffa5c500000 - 0x00007ffa5c533000 	C:\Windows\SYSTEM32\WINMM.dll
0x00007ffa65130000 - 0x00007ffa6519f000 	C:\Windows\System32\WS2_32.dll
0x00007ffa627b0000 - 0x00007ffa627c8000 	C:\Windows\SYSTEM32\kernel.appcore.dll
0x00007ffa4e2f0000 - 0x00007ffa4e300000 	C:\Program Files\Java\jdk-13.0.2\bin\verify.dll
0x00007ffa61110000 - 0x00007ffa61331000 	C:\Windows\SYSTEM32\DBGHELP.DLL
0x00007ffa5c4c0000 - 0x00007ffa5c4f1000 	C:\Windows\SYSTEM32\dbgcore.DLL
0x00007ffa63fe0000 - 0x00007ffa6405f000 	C:\Windows\System32\bcryptPrimitives.dll
0x00007ffa4e2c0000 - 0x00007ffa4e2e6000 	C:\Program Files\Java\jdk-13.0.2\bin\java.dll
0x00007ffa4e2a0000 - 0x00007ffa4e2b7000 	C:\Program Files\Java\jdk-13.0.2\bin\zip.dll
0x00007ffa4e290000 - 0x00007ffa4e29a000 	C:\Program Files\Java\jdk-13.0.2\bin\jimage.dll

dbghelp: loaded successfully - version: 4.0.5 - missing functions: none
symbol engine: initialized successfully - sym options: 0x614 - pdb path: .;C:\Program Files\Java\jdk-13.0.2\bin;C:\Windows\SYSTEM32;C:\Windows\WinSxS\amd64_microsoft.windows.common-controls_6595b64144ccf1df_6.0.22000.120_none_9d947278b86cc467;C:\Program Files\Java\jdk-13.0.2\bin\server

VM Arguments:
java_command: Main
java_class_path (initial): C:\Users\DAgg\AppData\Roaming\Code\User\workspaceStorage\63b8ccc9bfa8f61ab4fc97b5c13ae39c\redhat.java\jdt_ws\New folder (6)_fc4a600f\bin
Launcher Type: SUN_STANDARD

[Global flags]
     intx CICompilerCount                          = 4                                         {product} {ergonomic}
     uint ConcGCThreads                            = 2                                         {product} {ergonomic}
     uint G1ConcRefinementThreads                  = 8                                         {product} {ergonomic}
   size_t G1HeapRegionSize                         = 1048576                                   {product} {ergonomic}
    uintx GCDrainStackTargetSize                   = 64                                        {product} {ergonomic}
   size_t InitialHeapSize                          = 132120576                                 {product} {ergonomic}
   size_t MarkStackSize                            = 4194304                                   {product} {ergonomic}
   size_t MaxHeapSize                              = 2092957696                                {product} {ergonomic}
   size_t MinHeapDeltaBytes                        = 1048576                                   {product} {ergonomic}
   size_t MinHeapSize                              = 8388608                                   {product} {ergonomic}
    uintx NonNMethodCodeHeapSize                   = 5839372                                {pd product} {ergonomic}
    uintx NonProfiledCodeHeapSize                  = 122909434                              {pd product} {ergonomic}
    uintx ProfiledCodeHeapSize                     = 122909434                              {pd product} {ergonomic}
    uintx ReservedCodeCacheSize                    = 251658240                              {pd product} {ergonomic}
     bool SegmentedCodeCache                       = true                                      {product} {ergonomic}
   size_t SoftMaxHeapSize                          = 2092957696                             {manageable} {ergonomic}
     bool UseCompressedClassPointers               = true                                 {lp64_product} {ergonomic}
     bool UseCompressedOops                        = true                                 {lp64_product} {ergonomic}
     bool UseG1GC                                  = true                                      {product} {ergonomic}
     bool UseLargePagesIndividualAllocation        = false                                  {pd product} {ergonomic}

Logging:
Log output configuration:
 #0: stdout all=warning uptime,level,tags
 #1: stderr all=off uptime,level,tags

Environment Variables:
PATH=C:\Program Files\PowerShell\7;C:\Program Files\Microsoft\jdk-11.0.12.7-hotspot\bin;C:\Program Files (x86)\Common Files\Oracle\Java\javapath;C:\Windows\system32;C:\Windows;C:\Windows\System32\Wbem;C:\Windows\System32\WindowsPowerShell\v1.0\;C:\Windows\System32\OpenSSH\;C:\Program Files\dotnet\;C:\Program Files\Java\jdk-13.0.2\bin;C:\Program Files\Microsoft SQL Server\150\Tools\Binn\;C:\Program Files\Microsoft SQL Server\Client SDK\ODBC\170\Tools\Binn\;C:\Program Files\Git\cmd;C:\Program Files (x86)\PowerShell\7\;C:\Program Files (x86)\dotnet\;C:\Program Files\PowerShell\7\;C:\Users\DAgg\AppData\Local\Programs\Python\Python310\Scripts\;C:\Users\DAgg\AppData\Local\Programs\Python\Python310\;C:\Users\DAgg\AppData\Local\Microsoft\WindowsApps;C:\Users\DAgg\.dotnet\tools;C:\Users\DAgg\AppData\Local\Programs\Microsoft VS Code\bin
USERNAME=DAgg
OS=Windows_NT
PROCESSOR_IDENTIFIER=Intel64 Family 6 Model 142 Stepping 12, GenuineIntel



---------------  S Y S T E M  ---------------

OS: Windows 10 , 64 bit Build 22000 (10.0.22000.675)

CPU:total 8 (initial active 8) (4 cores per cpu, 2 threads per core) family 6 model 142 stepping 12, cmov, cx8, fxsr, mmx, sse, sse2, sse3, ssse3, sse4.1, sse4.2, popcnt, avx, avx2, aes, clmul, erms, 3dnowpref, lzcnt, ht, tsc, tscinvbit, bmi1, bmi2, adx, fma

Memory: 4k page, system-wide physical 7976M (779M free)
TotalPageFile size 7976M (AvailPageFile size 36M)
current process WorkingSet (physical memory assigned to process): 10M, peak: 10M
current process commit charge ("private bytes"): 60M, peak: 186M

vm_info: Java HotSpot(TM) 64-Bit Server VM (13.0.2+8) for windows-amd64 JRE (13.0.2+8), built on Dec 11 2019 09:20:33 by "mach5one" with unknown MS VC++:1916

END.
